(.venv) sj683@en-cs-trummer-gpu01:~/replicate$ /home/sj683/replicate/.venv/bin/python /home/sj683/replicate/train.py
train - Dropping missing values: 90233 >> 90224
dev - Dropping missing values: 12792 >> 12792
test - Dropping missing values: 12779 >> 12779
Some weights of the model checkpoint at bert-base-multilingual-cased were not used when initializing BertForSequenceClassification: ['cls.predictions.transform.LayerNorm.bias', 'cls.predictions.bias', 'cls.seq_relationship.bias', 'cls.seq_relationship.weight', 'cls.predictions.transform.LayerNorm.weight', 'cls.predictions.transform.dense.bias', 'cls.predictions.decoder.weight', 'cls.predictions.transform.dense.weight']
- This IS expected if you are initializing BertForSequenceClassification from the checkpoint of a model trained on another task or with another architecture (e.g. initializing a BertForSequenceClassification model from a BertForPreTraining model).
- This IS NOT expected if you are initializing BertForSequenceClassification from the checkpoint of a model that you expect to be exactly identical (initializing a BertForSequenceClassification model from a BertForSequenceClassification model).
Some weights of BertForSequenceClassification were not initialized from the model checkpoint at bert-base-multilingual-cased and are newly initialized: ['classifier.weight', 'classifier.bias']
You should probably TRAIN this model on a down-stream task to be able to use it for predictions and inference.
cuda:0
/home/sj683/replicate/.venv/lib/python3.8/site-packages/transformers/optimization.py:391: FutureWarning: This implementation of AdamW is deprecated and will be removed in a future version. Use the PyTorch implementation torch.optim.AdamW instead, or set `no_deprecation_warning=True` to disable this warning
  warnings.warn(
  0%|                                                                                                                                                                                                                                                                                        | 0/16917 [00:00<?, ?it/s]/home/sj683/replicate/.venv/lib/python3.8/site-packages/torch/nn/parallel/_functions.py:68: UserWarning: Was asked to gather along dimension 0, but all input tensors were scalars; will instead unsqueeze and return a vector.
  warnings.warn('Was asked to gather along dimension 0, but all '
{'loss': 0.6885, 'learning_rate': 1.4775413711583924e-05, 'epoch': 0.09}                                                                                                                                                                                                                                               
  3%|███████▉                                                                                                                                                                                                                                                                    | 500/16917 [03:36<1:57:56,  2.32it/s]/home/sj683/replicate/.venv/lib/python3.8/site-packages/torch/nn/parallel/_functions.py:68: UserWarning: Was asked to gather along dimension 0, but all input tensors were scalars; will instead unsqueeze and return a vector.
  warnings.warn('Was asked to gather along dimension 0, but all '
{'loss': 0.6521, 'learning_rate': 2.9550827423167847e-05, 'epoch': 0.18}                                                                                                                                                                                                                                               
  6%|███████████████▊                                                                                                                                                                                                                                                           | 1000/16917 [07:14<1:54:36,  2.31it/s]/home/sj683/replicate/.venv/lib/python3.8/site-packages/torch/nn/parallel/_functions.py:68: UserWarning: Was asked to gather along dimension 0, but all input tensors were scalars; will instead unsqueeze and return a vector.
  warnings.warn('Was asked to gather along dimension 0, but all '
{'loss': 0.6352, 'learning_rate': 4.432624113475177e-05, 'epoch': 0.27}                                                                                                                                                                                                                                                
  9%|███████████████████████▋                                                                                                                                                                                                                                                   | 1500/16917 [10:52<1:50:34,  2.32it/s]/home/sj683/replicate/.venv/lib/python3.8/site-packages/torch/nn/parallel/_functions.py:68: UserWarning: Was asked to gather along dimension 0, but all input tensors were scalars; will instead unsqueeze and return a vector.
  warnings.warn('Was asked to gather along dimension 0, but all '
{'loss': 0.6538, 'learning_rate': 4.898850574712644e-05, 'epoch': 0.35}                                                                                                                                                                                                                                                
 12%|███████████████████████████████▌                                                                                                                                                                                                                                           | 2000/16917 [14:31<1:47:16,  2.32it/s]/home/sj683/replicate/.venv/lib/python3.8/site-packages/torch/nn/parallel/_functions.py:68: UserWarning: Was asked to gather along dimension 0, but all input tensors were scalars; will instead unsqueeze and return a vector.
  warnings.warn('Was asked to gather along dimension 0, but all '
{'loss': 0.6621, 'learning_rate': 4.7346469622331695e-05, 'epoch': 0.44}                                                                                                                                                                                                                                               
 15%|███████████████████████████████████████▍                                                                                                                                                                                                                                   | 2500/16917 [18:09<1:43:58,  2.31it/s]/home/sj683/replicate/.venv/lib/python3.8/site-packages/torch/nn/parallel/_functions.py:68: UserWarning: Was asked to gather along dimension 0, but all input tensors were scalars; will instead unsqueeze and return a vector.
  warnings.warn('Was asked to gather along dimension 0, but all '
{'loss': 0.6676, 'learning_rate': 4.570443349753695e-05, 'epoch': 0.53}                                                                                                                                                                                                                                                
 18%|███████████████████████████████████████████████▎                                                                                                                                                                                                                           | 3000/16917 [21:47<1:39:55,  2.32it/s]/home/sj683/replicate/.venv/lib/python3.8/site-packages/torch/nn/parallel/_functions.py:68: UserWarning: Was asked to gather along dimension 0, but all input tensors were scalars; will instead unsqueeze and return a vector.
  warnings.warn('Was asked to gather along dimension 0, but all '
{'loss': 0.6623, 'learning_rate': 4.40623973727422e-05, 'epoch': 0.62}                                                                                                                                                                                                                                                 
 21%|███████████████████████████████████████████████████████▏                                                                                                                                                                                                                   | 3500/16917 [25:25<1:36:44,  2.31it/s]/home/sj683/replicate/.venv/lib/python3.8/site-packages/torch/nn/parallel/_functions.py:68: UserWarning: Was asked to gather along dimension 0, but all input tensors were scalars; will instead unsqueeze and return a vector.
  warnings.warn('Was asked to gather along dimension 0, but all '
{'loss': 0.6508, 'learning_rate': 4.242036124794745e-05, 'epoch': 0.71}                                                                                                                                                                                                                                                
 24%|███████████████████████████████████████████████████████████████▏                                                                                                                                                                                                           | 4000/16917 [29:04<1:32:47,  2.32it/s]/home/sj683/replicate/.venv/lib/python3.8/site-packages/torch/nn/parallel/_functions.py:68: UserWarning: Was asked to gather along dimension 0, but all input tensors were scalars; will instead unsqueeze and return a vector.
  warnings.warn('Was asked to gather along dimension 0, but all '
{'loss': 0.6435, 'learning_rate': 4.077832512315271e-05, 'epoch': 0.8}                                                                                                                                                                                                                                                 
 27%|███████████████████████████████████████████████████████████████████████                                                                                                                                                                                                    | 4500/16917 [32:42<1:29:20,  2.32it/s]/home/sj683/replicate/.venv/lib/python3.8/site-packages/torch/nn/parallel/_functions.py:68: UserWarning: Was asked to gather along dimension 0, but all input tensors were scalars; will instead unsqueeze and return a vector.
  warnings.warn('Was asked to gather along dimension 0, but all '
{'loss': 0.6362, 'learning_rate': 3.9136288998357966e-05, 'epoch': 0.89}                                                                                                                                                                                                                                               
 30%|██████████████████████████████████████████████████████████████████████████████▉                                                                                                                                                                                            | 5000/16917 [36:20<1:26:00,  2.31it/s]/home/sj683/replicate/.venv/lib/python3.8/site-packages/torch/nn/parallel/_functions.py:68: UserWarning: Was asked to gather along dimension 0, but all input tensors were scalars; will instead unsqueeze and return a vector.
  warnings.warn('Was asked to gather along dimension 0, but all '
{'loss': 0.6172, 'learning_rate': 3.749425287356322e-05, 'epoch': 0.98}                                                                                                                                                                                                                                                
 33%|██████████████████████████████████████████████████████████████████████████████████████▊                                                                                                                                                                                    | 5500/16917 [39:59<1:22:01,  2.32it/s]/home/sj683/replicate/.venv/lib/python3.8/site-packages/torch/nn/parallel/_functions.py:68: UserWarning: Was asked to gather along dimension 0, but all input tensors were scalars; will instead unsqueeze and return a vector.
  warnings.warn('Was asked to gather along dimension 0, but all '
{'eval_loss': 0.6312627792358398, 'eval_accuracy': 0.6066291432145091, 'eval_runtime': 130.3499, 'eval_samples_per_second': 98.136, 'eval_steps_per_second': 6.137, 'epoch': 1.0}                                                                                                                                      
 33%|█████████████████████████████████████████████████████████████████████████████████████████                                                                                                                                                                                  | 5639/16917 [43:11<1:21:05,  2.32it/s/home/sj683/replicate/.venv/lib/python3.8/site-packages/torch/nn/parallel/_functions.py:68: UserWarning: Was asked to gather along dimension 0, but all input tensors were scalars; will instead unsqueeze and return a vector.                                                                                         
  warnings.warn('Was asked to gather along dimension 0, but all '
{'loss': 0.6123, 'learning_rate': 3.585221674876847e-05, 'epoch': 1.06}                                                                                                                                                                                                                                                
 35%|██████████████████████████████████████████████████████████████████████████████████████████████▋                                                                                                                                                                            | 6000/16917 [45:47<1:18:23,  2.32it/s]/home/sj683/replicate/.venv/lib/python3.8/site-packages/torch/nn/parallel/_functions.py:68: UserWarning: Was asked to gather along dimension 0, but all input tensors were scalars; will instead unsqueeze and return a vector.
  warnings.warn('Was asked to gather along dimension 0, but all '
{'loss': 0.6012, 'learning_rate': 3.421018062397373e-05, 'epoch': 1.15}                                                                                                                                                                                                                                                
 38%|██████████████████████████████████████████████████████████████████████████████████████████████████████▌                                                                                                                                                                    | 6500/16917 [49:25<1:14:59,  2.32it/s]/home/sj683/replicate/.venv/lib/python3.8/site-packages/torch/nn/parallel/_functions.py:68: UserWarning: Was asked to gather along dimension 0, but all input tensors were scalars; will instead unsqueeze and return a vector.
  warnings.warn('Was asked to gather along dimension 0, but all '
{'loss': 0.5851, 'learning_rate': 3.2568144499178984e-05, 'epoch': 1.24}                                                                                                                                                                                                                                               
 41%|██████████████████████████████████████████████████████████████████████████████████████████████████████████████▍                                                                                                                                                            | 7000/16917 [53:04<1:11:17,  2.32it/s]/home/sj683/replicate/.venv/lib/python3.8/site-packages/torch/nn/parallel/_functions.py:68: UserWarning: Was asked to gather along dimension 0, but all input tensors were scalars; will instead unsqueeze and return a vector.
  warnings.warn('Was asked to gather along dimension 0, but all '
{'loss': 0.5744, 'learning_rate': 3.0926108374384237e-05, 'epoch': 1.33}                                                                                                                                                                                                                                               
 44%|██████████████████████████████████████████████████████████████████████████████████████████████████████████████████████▎                                                                                                                                                    | 7500/16917 [56:42<1:07:40,  2.32it/s]/home/sj683/replicate/.venv/lib/python3.8/site-packages/torch/nn/parallel/_functions.py:68: UserWarning: Was asked to gather along dimension 0, but all input tensors were scalars; will instead unsqueeze and return a vector.
  warnings.warn('Was asked to gather along dimension 0, but all '
{'loss': 0.5649, 'learning_rate': 2.9284072249589496e-05, 'epoch': 1.42}                                                                                                                                                                                                                                               
 47%|█████████████████████████████████████████████████████████████████████████████████████████████████████████████████████████████▎                                                                                                                                           | 8000/16917 [1:00:20<1:04:03,  2.32it/s]/home/sj683/replicate/.venv/lib/python3.8/site-packages/torch/nn/parallel/_functions.py:68: UserWarning: Was asked to gather along dimension 0, but all input tensors were scalars; will instead unsqueeze and return a vector.
  warnings.warn('Was asked to gather along dimension 0, but all '
{'loss': 0.569, 'learning_rate': 2.7642036124794746e-05, 'epoch': 1.51}                                                                                                                                                                                                                                                
 50%|█████████████████████████████████████████████████████████████████████████████████████████████████████████████████████████████████████▏                                                                                                                                   | 8500/16917 [1:03:58<1:00:39,  2.31it/s]/home/sj683/replicate/.venv/lib/python3.8/site-packages/torch/nn/parallel/_functions.py:68: UserWarning: Was asked to gather along dimension 0, but all input tensors were scalars; will instead unsqueeze and return a vector.
  warnings.warn('Was asked to gather along dimension 0, but all '
{'loss': 0.5602, 'learning_rate': 2.6000000000000002e-05, 'epoch': 1.6}                                                                                                                                                                                                                                                
 53%|██████████████████████████████████████████████████████████████████████████████████████████████████████████████████████████████████████████████                                                                                                                             | 9000/16917 [1:07:37<56:52,  2.32it/s]/home/sj683/replicate/.venv/lib/python3.8/site-packages/torch/nn/parallel/_functions.py:68: UserWarning: Was asked to gather along dimension 0, but all input tensors were scalars; will instead unsqueeze and return a vector.
  warnings.warn('Was asked to gather along dimension 0, but all '
{'loss': 0.5595, 'learning_rate': 2.4357963875205255e-05, 'epoch': 1.68}                                                                                                                                                                                                                                               
 56%|█████████████████████████████████████████████████████████████████████████████████████████████████████████████████████████████████████████████████████▉                                                                                                                     | 9500/16917 [1:11:15<53:21,  2.32it/s]/home/sj683/replicate/.venv/lib/python3.8/site-packages/torch/nn/parallel/_functions.py:68: UserWarning: Was asked to gather along dimension 0, but all input tensors were scalars; will instead unsqueeze and return a vector.
  warnings.warn('Was asked to gather along dimension 0, but all '
{'loss': 0.5399, 'learning_rate': 2.271592775041051e-05, 'epoch': 1.77}                                                                                                                                                                                                                                                
 59%|█████████████████████████████████████████████████████████████████████████████████████████████████████████████████████████████████████████████████████████████▏                                                                                                            | 10000/16917 [1:14:53<49:46,  2.32it/s]/home/sj683/replicate/.venv/lib/python3.8/site-packages/torch/nn/parallel/_functions.py:68: UserWarning: Was asked to gather along dimension 0, but all input tensors were scalars; will instead unsqueeze and return a vector.
  warnings.warn('Was asked to gather along dimension 0, but all '
{'loss': 0.5473, 'learning_rate': 2.1073891625615767e-05, 'epoch': 1.86}                                                                                                                                                                                                                                               
 62%|█████████████████████████████████████████████████████████████████████████████████████████████████████████████████████████████████████████████████████████████████████                                                                                                     | 10500/16917 [1:18:31<46:11,  2.32it/s]/home/sj683/replicate/.venv/lib/python3.8/site-packages/torch/nn/parallel/_functions.py:68: UserWarning: Was asked to gather along dimension 0, but all input tensors were scalars; will instead unsqueeze and return a vector.
  warnings.warn('Was asked to gather along dimension 0, but all '
{'loss': 0.535, 'learning_rate': 1.943185550082102e-05, 'epoch': 1.95}                                                                                                                                                                                                                                                 
 65%|████████████████████████████████████████████████████████████████████████████████████████████████████████████████████████████████████████████████████████████████████████████▉                                                                                             | 11000/16917 [1:22:10<42:31,  2.32it/s]/home/sj683/replicate/.venv/lib/python3.8/site-packages/torch/nn/parallel/_functions.py:68: UserWarning: Was asked to gather along dimension 0, but all input tensors were scalars; will instead unsqueeze and return a vector.
  warnings.warn('Was asked to gather along dimension 0, but all '
{'eval_loss': 0.5927175283432007, 'eval_accuracy': 0.6867573483427142, 'eval_runtime': 138.2792, 'eval_samples_per_second': 92.509, 'eval_steps_per_second': 5.785, 'epoch': 2.0}                                                                                                                                      
 67%|█████████████████████████████████████████████████████████████████████████████████████████████████████████████████████████████████████████████████████████████████████████████████▎                                                                                        | 11278/16917 [1:26:30<40:31,  2.32it/s/home/sj683/replicate/.venv/lib/python3.8/site-packages/torch/nn/parallel/_functions.py:68: UserWarning: Was asked to gather along dimension 0, but all input tensors were scalars; will instead unsqueeze and return a vector.                                                                                         
  warnings.warn('Was asked to gather along dimension 0, but all '
{'loss': 0.5206, 'learning_rate': 1.7789819376026273e-05, 'epoch': 2.04}                                                                                                                                                                                                                                               
 68%|████████████████████████████████████████████████████████████████████████████████████████████████████████████████████████████████████████████████████████████████████████████████████▊                                                                                     | 11500/16917 [1:28:06<38:57,  2.32it/s]/home/sj683/replicate/.venv/lib/python3.8/site-packages/torch/nn/parallel/_functions.py:68: UserWarning: Was asked to gather along dimension 0, but all input tensors were scalars; will instead unsqueeze and return a vector.
  warnings.warn('Was asked to gather along dimension 0, but all '
{'loss': 0.5112, 'learning_rate': 1.6147783251231526e-05, 'epoch': 2.13}                                                                                                                                                                                                                                               
 71%|████████████████████████████████████████████████████████████████████████████████████████████████████████████████████████████████████████████████████████████████████████████████████████████▋                                                                             | 12000/16917 [1:31:44<35:22,  2.32it/s]/home/sj683/replicate/.venv/lib/python3.8/site-packages/torch/nn/parallel/_functions.py:68: UserWarning: Was asked to gather along dimension 0, but all input tensors were scalars; will instead unsqueeze and return a vector.
  warnings.warn('Was asked to gather along dimension 0, but all '
{'loss': 0.509, 'learning_rate': 1.4505747126436783e-05, 'epoch': 2.22}                                                                                                                                                                                                                                                
 74%|████████████████████████████████████████████████████████████████████████████████████████████████████████████████████████████████████████████████████████████████████████████████████████████████████▌                                                                     | 12500/16917 [1:35:23<31:47,  2.32it/s]/home/sj683/replicate/.venv/lib/python3.8/site-packages/torch/nn/parallel/_functions.py:68: UserWarning: Was asked to gather along dimension 0, but all input tensors were scalars; will instead unsqueeze and return a vector.
  warnings.warn('Was asked to gather along dimension 0, but all '
{'loss': 0.4983, 'learning_rate': 1.2863711001642036e-05, 'epoch': 2.31}                                                                                                                                                                                                                                               
 77%|████████████████████████████████████████████████████████████████████████████████████████████████████████████████████████████████████████████████████████████████████████████████████████████████████████████▍                                                             | 13000/16917 [1:39:01<28:11,  2.32it/s]/home/sj683/replicate/.venv/lib/python3.8/site-packages/torch/nn/parallel/_functions.py:68: UserWarning: Was asked to gather along dimension 0, but all input tensors were scalars; will instead unsqueeze and return a vector.
  warnings.warn('Was asked to gather along dimension 0, but all '
{'loss': 0.4889, 'learning_rate': 1.1221674876847291e-05, 'epoch': 2.39}                                                                                                                                                                                                                                               
 80%|████████████████████████████████████████████████████████████████████████████████████████████████████████████████████████████████████████████████████████████████████████████████████████████████████████████████████▎                                                     | 13500/16917 [1:42:39<24:35,  2.32it/s]/home/sj683/replicate/.venv/lib/python3.8/site-packages/torch/nn/parallel/_functions.py:68: UserWarning: Was asked to gather along dimension 0, but all input tensors were scalars; will instead unsqueeze and return a vector.
  warnings.warn('Was asked to gather along dimension 0, but all '
{'loss': 0.4923, 'learning_rate': 9.579638752052545e-06, 'epoch': 2.48}                                                                                                                                                                                                                                                
 83%|████████████████████████████████████████████████████████████████████████████████████████████████████████████████████████████████████████████████████████████████████████████████████████████████████████████████████████████▏                                             | 14000/16917 [1:46:18<20:56,  2.32it/s]/home/sj683/replicate/.venv/lib/python3.8/site-packages/torch/nn/parallel/_functions.py:68: UserWarning: Was asked to gather along dimension 0, but all input tensors were scalars; will instead unsqueeze and return a vector.
  warnings.warn('Was asked to gather along dimension 0, but all '
{'loss': 0.4855, 'learning_rate': 7.9376026272578e-06, 'epoch': 2.57}                                                                                                                                                                                                                                                  
 86%|███████████████████████████████████████████████████████████████████████████████████████████████████████████████████████████████████████████████████████████████████████████████████████████████████████████████████████████████████▉                                      | 14500/16917 [1:49:56<17:22,  2.32it/s]/home/sj683/replicate/.venv/lib/python3.8/site-packages/torch/nn/parallel/_functions.py:68: UserWarning: Was asked to gather along dimension 0, but all input tensors were scalars; will instead unsqueeze and return a vector.
  warnings.warn('Was asked to gather along dimension 0, but all '
{'loss': 0.4887, 'learning_rate': 6.2955665024630544e-06, 'epoch': 2.66}                                                                                                                                                                                                                                               
 89%|███████████████████████████████████████████████████████████████████████████████████████████████████████████████████████████████████████████████████████████████████████████████████████████████████████████████████████████████████████████▊                              | 15000/16917 [1:53:34<13:46,  2.32it/s]/home/sj683/replicate/.venv/lib/python3.8/site-packages/torch/nn/parallel/_functions.py:68: UserWarning: Was asked to gather along dimension 0, but all input tensors were scalars; will instead unsqueeze and return a vector.
  warnings.warn('Was asked to gather along dimension 0, but all '
{'loss': 0.4865, 'learning_rate': 4.653530377668309e-06, 'epoch': 2.75}                                                                                                                                                                                                                                                
 92%|███████████████████████████████████████████████████████████████████████████████████████████████████████████████████████████████████████████████████████████████████████████████████████████████████████████████████████████████████████████████████▋                      | 15500/16917 [1:57:13<10:10,  2.32it/s]/home/sj683/replicate/.venv/lib/python3.8/site-packages/torch/nn/parallel/_functions.py:68: UserWarning: Was asked to gather along dimension 0, but all input tensors were scalars; will instead unsqueeze and return a vector.
  warnings.warn('Was asked to gather along dimension 0, but all '
{'loss': 0.4798, 'learning_rate': 3.0114942528735635e-06, 'epoch': 2.84}                                                                                                                                                                                                                                               
 95%|███████████████████████████████████████████████████████████████████████████████████████████████████████████████████████████████████████████████████████████████████████████████████████████████████████████████████████████████████████████████████████████▌              | 16000/16917 [2:00:51<06:35,  2.32it/s]/home/sj683/replicate/.venv/lib/python3.8/site-packages/torch/nn/parallel/_functions.py:68: UserWarning: Was asked to gather along dimension 0, but all input tensors were scalars; will instead unsqueeze and return a vector.
  warnings.warn('Was asked to gather along dimension 0, but all '
{'loss': 0.4824, 'learning_rate': 1.3694581280788178e-06, 'epoch': 2.93}                                                                                                                                                                                                                                               
 98%|███████████████████████████████████████████████████████████████████████████████████████████████████████████████████████████████████████████████████████████████████████████████████████████████████████████████████████████████████████████████████████████████████▍      | 16500/16917 [2:04:29<02:59,  2.32it/s]/home/sj683/replicate/.venv/lib/python3.8/site-packages/torch/nn/parallel/_functions.py:68: UserWarning: Was asked to gather along dimension 0, but all input tensors were scalars; will instead unsqueeze and return a vector.
  warnings.warn('Was asked to gather along dimension 0, but all '
{'eval_loss': 0.5456580519676208, 'eval_accuracy': 0.7001250781738587, 'eval_runtime': 136.8867, 'eval_samples_per_second': 93.45, 'eval_steps_per_second': 5.844, 'epoch': 3.0}                                                                                                                                       
{'train_runtime': 7789.1224, 'train_samples_per_second': 34.75, 'train_steps_per_second': 2.172, 'train_loss': 0.5693115642069784, 'epoch': 3.0}                                                                                                                                                                       
100%|██████████████████████████████████████████████████████████████████████████████████████████████████████████████████████████████████████████████████████████████████████████████████████████████████████████████████████████████████████████████████████████████████████████| 16917/16917 [2:09:49<00:00,  2.17it/s]
/home/sj683/replicate/.venv/lib/python3.8/site-packages/torch/nn/parallel/_functions.py:68: UserWarning: Was asked to gather along dimension 0, but all input tensors were scalars; will instead unsqueeze and return a vector.
  warnings.warn('Was asked to gather along dimension 0, but all '
100%|████████████████████████████████████████████████████████████████████████████████████████████████████████████████████████████████████████████████████████████████████████████████████████████████████████████████████████████████████████████████████████████████████████████████| 799/799 [02:25<00:00,  5.48it/s]
{'test_loss': 0.5396741032600403, 'test_accuracy': 0.7005242976758744, 'test_runtime': 145.9089, 'test_samples_per_second': 87.582, 'test_steps_per_second': 5.476}